{
  "RSpec": {
    "coverage": {
      "/Users/lewis/projects/pet_dump/app/models/user.rb": [
        1,
        null,
        null,
        1,
        null,
        null
      ],
      "/Users/lewis/projects/pet_dump/app/helpers/application_helper.rb": [
        1,
        null
      ],
      "/Users/lewis/projects/pet_dump/app/helpers/pets_helper.rb": [
        1,
        null
      ],
      "/Users/lewis/projects/pet_dump/app/controllers/pets_controller.rb": [
        1,
        null,
        1,
        null,
        null,
        null
      ],
      "/Users/lewis/projects/pet_dump/app/controllers/application_controller.rb": [
        1,
        null,
        null,
        1,
        null
      ]
    },
    "timestamp": 1444931206
  }
}
